# JRE version: OpenJDK Runtime Environment Temurin-17.0.3+7 (17.0.3+7) (build 17.0.3+7)
# Java VM: OpenJDK 64-Bit Server VM Temurin-17.0.3+7 (17.0.3+7, mixed mode, tiered, compressed oops, compressed class ptrs, g1 gc, windows-amd64)
GC Precious Log:
 CPUs: 4 total, 4 available
 Memory: 12160M
 Large Page Support: Disabled
 NUMA Support: Disabled
 Compressed Oops: Enabled (Zero based)
 Heap Region Size: 2M
 Heap Min Capacity: 8M
 Heap Initial Capacity: 192M
 Heap Max Capacity: 3042M
 Pre-touch: Disabled
 Parallel Workers: 4
 Concurrent Workers: 1
 Concurrent Refinement Workers: 4
 Periodic GC: Disabled
Heap:
 garbage-first heap   total 40960K, used 23716K [0x0000000741e00000, 0x0000000800000000)
  region size 2048K, 3 young (6144K), 1 survivors (2048K)
 Metaspace       used 38118K, committed 38464K, reserved 1089536K
  class space    used 4401K, committed 4544K, reserved 1048576K
GC Heap History (20 events):
Event: 12.283 GC heap before
{Heap before GC invocations=4 (full 0):
 garbage-first heap   total 40960K, used 29091K [0x0000000741e00000, 0x0000000800000000)
  region size 2048K, 13 young (26624K), 2 survivors (4096K)
 Metaspace       used 27015K, committed 27328K, reserved 1081344K
  class space    used 3025K, committed 3200K, reserved 1048576K
}
Event: 12.297 GC heap after
{Heap after GC invocations=5 (full 0):
 garbage-first heap   total 40960K, used 10941K [0x0000000741e00000, 0x0000000800000000)
  region size 2048K, 3 young (6144K), 3 survivors (6144K)
 Metaspace       used 27015K, committed 27328K, reserved 1081344K
  class space    used 3025K, committed 3200K, reserved 1048576K
}
Event: 16.331 GC heap before
{Heap before GC invocations=5 (full 0):
 garbage-first heap   total 40960K, used 27325K [0x0000000741e00000, 0x0000000800000000)
  region size 2048K, 10 young (20480K), 3 survivors (6144K)
 Metaspace       used 30573K, committed 30848K, reserved 1081344K
  class space    used 3521K, committed 3648K, reserved 1048576K
}
Event: 16.346 GC heap after
{Heap after GC invocations=6 (full 0):
 garbage-first heap   total 40960K, used 18386K [0x0000000741e00000, 0x0000000800000000)
  region size 2048K, 1 young (2048K), 1 survivors (2048K)
 Metaspace       used 30573K, committed 30848K, reserved 1081344K
  class space    used 3521K, committed 3648K, reserved 1048576K
}
Event: 42.307 GC heap before
{Heap before GC invocations=6 (full 0):
 garbage-first heap   total 40960K, used 24530K [0x0000000741e00000, 0x0000000800000000)
  region size 2048K, 5 young (10240K), 1 survivors (2048K)
 Metaspace       used 32613K, committed 32960K, reserved 1081344K
  class space    used 3710K, committed 3840K, reserved 1048576K
}
Event: 42.312 GC heap after
{Heap after GC invocations=7 (full 0):
 garbage-first heap   total 40960K, used 19325K [0x0000000741e00000, 0x0000000800000000)
  region size 2048K, 1 young (2048K), 1 survivors (2048K)
 Metaspace       used 32613K, committed 32960K, reserved 1081344K
  class space    used 3710K, committed 3840K, reserved 1048576K
}
Event: 43.212 GC heap before
{Heap before GC invocations=7 (full 0):
 garbage-first heap   total 40960K, used 27517K [0x0000000741e00000, 0x0000000800000000)
  region size 2048K, 5 young (10240K), 1 survivors (2048K)
 Metaspace       used 34864K, committed 35200K, reserved 1081344K
  class space    used 3998K, committed 4160K, reserved 1048576K
}
Event: 43.217 GC heap after
{Heap after GC invocations=8 (full 0):
 garbage-first heap   total 40960K, used 19852K [0x0000000741e00000, 0x0000000800000000)
  region size 2048K, 1 young (2048K), 1 survivors (2048K)
 Metaspace       used 34864K, committed 35200K, reserved 1081344K
  class space    used 3998K, committed 4160K, reserved 1048576K
}
Event: 43.501 GC heap before
{Heap before GC invocations=8 (full 0):
 garbage-first heap   total 40960K, used 21900K [0x0000000741e00000, 0x0000000800000000)
  region size 2048K, 3 young (6144K), 1 survivors (2048K)
 Metaspace       used 35671K, committed 35968K, reserved 1081344K
  class space    used 4086K, committed 4224K, reserved 1048576K
}
Event: 43.504 GC heap after
{Heap after GC invocations=9 (full 0):
 garbage-first heap   total 40960K, used 19941K [0x0000000741e00000, 0x0000000800000000)
  region size 2048K, 1 young (2048K), 1 survivors (2048K)
 Metaspace       used 35671K, committed 35968K, reserved 1081344K
  class space    used 4086K, committed 4224K, reserved 1048576K
}
Event: 43.691 GC heap before
{Heap before GC invocations=10 (full 0):
 garbage-first heap   total 40960K, used 28133K [0x0000000741e00000, 0x0000000800000000)
  region size 2048K, 5 young (10240K), 1 survivors (2048K)
 Metaspace       used 35832K, committed 36224K, reserved 1081344K
  class space    used 4114K, committed 4288K, reserved 1048576K
}
Event: 43.693 GC heap after
{Heap after GC invocations=11 (full 0):
 garbage-first heap   total 40960K, used 20166K [0x0000000741e00000, 0x0000000800000000)
  region size 2048K, 1 young (2048K), 1 survivors (2048K)
 Metaspace       used 35832K, committed 36224K, reserved 1081344K
  class space    used 4114K, committed 4288K, reserved 1048576K
}
Event: 43.742 GC heap before
{Heap before GC invocations=11 (full 0):
 garbage-first heap   total 40960K, used 30406K [0x0000000741e00000, 0x0000000800000000)
  region size 2048K, 6 young (12288K), 1 survivors (2048K)
 Metaspace       used 35832K, committed 36224K, reserved 1081344K
  class space    used 4114K, committed 4288K, reserved 1048576K
}
Event: 43.748 GC heap after
{Heap after GC invocations=12 (full 0):
 garbage-first heap   total 40960K, used 20443K [0x0000000741e00000, 0x0000000800000000)
  region size 2048K, 1 young (2048K), 1 survivors (2048K)
 Metaspace       used 35832K, committed 36224K, reserved 1081344K
  class space    used 4114K, committed 4288K, reserved 1048576K
}
Event: 43.795 GC heap before
{Heap before GC invocations=12 (full 0):
 garbage-first heap   total 40960K, used 30683K [0x0000000741e00000, 0x0000000800000000)
  region size 2048K, 6 young (12288K), 1 survivors (2048K)
 Metaspace       used 35832K, committed 36224K, reserved 1081344K
  class space    used 4114K, committed 4288K, reserved 1048576K
}
Event: 43.800 GC heap after
{Heap after GC invocations=13 (full 0):
 garbage-first heap   total 40960K, used 20721K [0x0000000741e00000, 0x0000000800000000)
  region size 2048K, 1 young (2048K), 1 survivors (2048K)
 Metaspace       used 35832K, committed 36224K, reserved 1081344K
  class space    used 4114K, committed 4288K, reserved 1048576K
}
Event: 43.862 GC heap before
{Heap before GC invocations=14 (full 0):
 garbage-first heap   total 40960K, used 30961K [0x0000000741e00000, 0x0000000800000000)
  region size 2048K, 6 young (12288K), 1 survivors (2048K)
 Metaspace       used 35832K, committed 36224K, reserved 1081344K
  class space    used 4114K, committed 4288K, reserved 1048576K
}
Event: 43.866 GC heap after
{Heap after GC invocations=15 (full 0):
 garbage-first heap   total 40960K, used 21122K [0x0000000741e00000, 0x0000000800000000)
  region size 2048K, 1 young (2048K), 1 survivors (2048K)
 Metaspace       used 35832K, committed 36224K, reserved 1081344K
  class space    used 4114K, committed 4288K, reserved 1048576K
}
Event: 44.659 GC heap before
{Heap before GC invocations=15 (full 0):
 garbage-first heap   total 40960K, used 31362K [0x0000000741e00000, 0x0000000800000000)
  region size 2048K, 6 young (12288K), 1 survivors (2048K)
 Metaspace       used 37648K, committed 37952K, reserved 1089536K
  class space    used 4353K, committed 4480K, reserved 1048576K
}
Event: 44.668 GC heap after
{Heap after GC invocations=16 (full 0):
 garbage-first heap   total 40960K, used 21668K [0x0000000741e00000, 0x0000000800000000)
  region size 2048K, 1 young (2048K), 1 survivors (2048K)
 Metaspace       used 37648K, committed 37952K, reserved 1089536K
  class space    used 4353K, committed 4480K, reserved 1048576K
}

