<?xml version="1.0" encoding="UTF-8"?>
<!-- Generated by org.testng.reporters.JUnitXMLReporter -->
<testsuite ignored="2" hostname="DESKTOP-ECSS8QS" failures="0" tests="1" name="Default test" time="95.654" errors="0" timestamp="2023-10-05T23:22:14 IST">
  <testcase classname="arka.testcases.Login" name="addNewLead" time="83.43"/>
  <testcase classname="arka.testcases.Login" name="addTask" time="0.0">
    <ignored/>
  </testcase> <!-- addTask -->
  <testcase classname="arka.testcases.Login" name="loginWithValidCredentials" time="0.0">
    <ignored/>
  </testcase> <!-- loginWithValidCredentials -->
</testsuite> <!-- Default test -->
