<?xml version="1.0" encoding="UTF-8"?>
<!-- Generated by org.testng.reporters.JUnitXMLReporter -->
<testsuite ignored="0" hostname="DESKTOP-ECSS8QS" failures="1" tests="2" name="Test" time="26.291" errors="0" timestamp="2023-09-29T16:36:37 IST">
  <testcase classname="arka.testcases.Login" name="addNewLead" time="2.802">
    <failure type="org.testng.internal.reflect.MethodMatcherException" message="
[public void arka.testcases.Login.addNewLead(java.lang.String,java.lang.String,java.lang.String,java.lang.String,java.lang.String,java.lang.CharSequence[],java.lang.String,java.lang.String,java.lang.String,java.lang.String)] has no parameters defined but was found to be using a data provider (either explicitly specified or inherited from class level annotation).
Data provider mismatch
Method: addNewLead([java.lang.String arg0, java.lang.String arg1, java.lang.String arg2, java.lang.String arg3, java.lang.String arg4, java.lang.CharSequence[] arg5, java.lang.String arg6, java.lang.String arg7, java.lang.String arg8, java.lang.String arg9])
Arguments: [(java.lang.String) CRM1beta@gmail.com,(java.lang.String) CRM1beta@gmail.com,(java.lang.String) Mukesh Otwani,(java.lang.String) CRM 1 BETA,(java.lang.String) mukesh.50@gmail.com,(java.lang.String) 954326.0,(java.lang.String) Residential,(java.lang.String) Marketing Campaigns,(java.lang.String) Solar Sales Proposal,(java.lang.String) Lead]">
      <![CDATA[org.testng.internal.reflect.MethodMatcherException: 
[public void arka.testcases.Login.addNewLead(java.lang.String,java.lang.String,java.lang.String,java.lang.String,java.lang.String,java.lang.CharSequence[],java.lang.String,java.lang.String,java.lang.String,java.lang.String)] has no parameters defined but was found to be using a data provider (either explicitly specified or inherited from class level annotation).
Data provider mismatch
Method: addNewLead([java.lang.String arg0, java.lang.String arg1, java.lang.String arg2, java.lang.String arg3, java.lang.String arg4, java.lang.CharSequence[] arg5, java.lang.String arg6, java.lang.String arg7, java.lang.String arg8, java.lang.String arg9])
Arguments: [(java.lang.String) CRM1beta@gmail.com,(java.lang.String) CRM1beta@gmail.com,(java.lang.String) Mukesh Otwani,(java.lang.String) CRM 1 BETA,(java.lang.String) mukesh.50@gmail.com,(java.lang.String) 954326.0,(java.lang.String) Residential,(java.lang.String) Marketing Campaigns,(java.lang.String) Solar Sales Proposal,(java.lang.String) Lead]
at java.base/java.util.ArrayList.forEach(ArrayList.java:1511)
... Removed 22 stack frames]]>
    </failure>
  </testcase> <!-- addNewLead -->
  <testcase classname="arka.testcases.Login" name="loginWithValidCredentials" time="7.07"/>
</testsuite> <!-- Test -->
