<?xml version="1.0" encoding="UTF-8"?>
<testng-results ignored="0" total="3" passed="2" failed="1" skipped="0">
  <reporter-output>
  </reporter-output>
  <suite started-at="2023-10-05T19:40:52 IST" name="Suite" finished-at="2023-10-05T19:45:00 IST" duration-ms="247395">
    <groups>
    </groups>
    <test started-at="2023-10-05T19:40:52 IST" name="Test" finished-at="2023-10-05T19:45:00 IST" duration-ms="247395">
      <class name="arka.testcases.Login">
        <test-method is-config="true" signature="setupApplication()[pri:0, instance:arka.testcases.Login@53941c2f]" started-at="2023-10-05T19:40:55 IST" name="setupApplication" finished-at="2023-10-05T19:41:12 IST" duration-ms="17144" status="PASS">
          <reporter-output>
          </reporter-output>
        </test-method> <!-- setupApplication -->
        <test-method signature="addNewLead(java.lang.String,java.lang.String,java.lang.String,java.lang.String,java.lang.String,java.lang.String,java.lang.String,java.lang.String,java.lang.String,java.lang.String,java.lang.String,java.lang.String)[pri:0, instance:arka.testcases.Login@53941c2f]" started-at="2023-10-05T19:41:12 IST" name="addNewLead" data-provider="leadData" finished-at="2023-10-05T19:42:53 IST" duration-ms="101412" status="FAIL">
          <params>
            <param index="0">
              <value>
                <![CDATA[CRM1beta@gmail.com]]>
              </value>
            </param>
            <param index="1">
              <value>
                <![CDATA[CRM1beta@gmail.com]]>
              </value>
            </param>
            <param index="2">
              <value>
                <![CDATA[Mukesh Otwani]]>
              </value>
            </param>
            <param index="3">
              <value>
                <![CDATA[CRM 1 BETA]]>
              </value>
            </param>
            <param index="4">
              <value>
                <![CDATA[mukesh.50@gmail.com]]>
              </value>
            </param>
            <param index="5">
              <value>
                <![CDATA[954326.0]]>
              </value>
            </param>
            <param index="6">
              <value>
                <![CDATA[Residential]]>
              </value>
            </param>
            <param index="7">
              <value>
                <![CDATA[Referral]]>
              </value>
            </param>
            <param index="8">
              <value>
                <![CDATA[Solar Sales Proposal]]>
              </value>
            </param>
            <param index="9">
              <value>
                <![CDATA[Proposal]]>
              </value>
            </param>
            <param index="10">
              <value>
                <![CDATA[Chandigarh]]>
              </value>
            </param>
            <param index="11">
              <value>
                <![CDATA[1000000.0]]>
              </value>
            </param>
          </params>
          <exception class="org.openqa.selenium.TimeoutException">
            <message>
              <![CDATA[Expected condition failed: waiting for element to be clickable: By.xpath: //p[@class='name'] (tried for 20 second(s) with 500 milliseconds interval)
Build info: version: '4.13.0', revision: 'ba948ece5b*'
System info: os.name: 'Windows 10', os.arch: 'amd64', os.version: '10.0', java.version: '17.0.3'
Driver info: org.openqa.selenium.remote.RemoteWebDriver
Capabilities {acceptInsecureCerts: false, browserName: chrome, browserVersion: 117.0.5938.132, chrome: {chromedriverVersion: 117.0.5938.92 (67649b10b92b..., userDataDir: /tmp/.org.chromium.Chromium...}, fedcm:accounts: true, goog:chromeOptions: {debuggerAddress: localhost:40413}, networkConnectionEnabled: false, pageLoadStrategy: normal, platformName: linux, proxy: Proxy(), se:bidiEnabled: false, se:cdp: ws://172.17.0.2:4444/sessio..., se:cdpVersion: 117.0.5938.132, se:vnc: ws://172.17.0.2:4444/sessio..., se:vncEnabled: true, se:vncLocalAddress: ws://172.17.0.2:7900, setWindowRect: true, strictFileInteractability: false, timeouts: {implicit: 0, pageLoad: 300000, script: 30000}, unhandledPromptBehavior: dismiss and notify, webauthn:extension:credBlob: true, webauthn:extension:largeBlob: true, webauthn:extension:minPinLength: true, webauthn:extension:prf: true, webauthn:virtualAuthenticators: true}
Session ID: 74b241d3bdb7b63f94f6cf0f4512019a]]>
            </message>
            <full-stacktrace>
              <![CDATA[org.openqa.selenium.TimeoutException: Expected condition failed: waiting for element to be clickable: By.xpath: //p[@class='name'] (tried for 20 second(s) with 500 milliseconds interval)
Build info: version: '4.13.0', revision: 'ba948ece5b*'
System info: os.name: 'Windows 10', os.arch: 'amd64', os.version: '10.0', java.version: '17.0.3'
Driver info: org.openqa.selenium.remote.RemoteWebDriver
Capabilities {acceptInsecureCerts: false, browserName: chrome, browserVersion: 117.0.5938.132, chrome: {chromedriverVersion: 117.0.5938.92 (67649b10b92b..., userDataDir: /tmp/.org.chromium.Chromium...}, fedcm:accounts: true, goog:chromeOptions: {debuggerAddress: localhost:40413}, networkConnectionEnabled: false, pageLoadStrategy: normal, platformName: linux, proxy: Proxy(), se:bidiEnabled: false, se:cdp: ws://172.17.0.2:4444/sessio..., se:cdpVersion: 117.0.5938.132, se:vnc: ws://172.17.0.2:4444/sessio..., se:vncEnabled: true, se:vncLocalAddress: ws://172.17.0.2:7900, setWindowRect: true, strictFileInteractability: false, timeouts: {implicit: 0, pageLoad: 300000, script: 30000}, unhandledPromptBehavior: dismiss and notify, webauthn:extension:credBlob: true, webauthn:extension:largeBlob: true, webauthn:extension:minPinLength: true, webauthn:extension:prf: true, webauthn:virtualAuthenticators: true}
Session ID: 74b241d3bdb7b63f94f6cf0f4512019a
at org.openqa.selenium.support.ui.WebDriverWait.timeoutException(WebDriverWait.java:84)
at org.openqa.selenium.support.ui.FluentWait.until(FluentWait.java:230)
at arka.helper.Utility.waitForWebElement(Utility.java:34)
at arka.pages.Leadspage.leadGenerated(Leadspage.java:91)
at arka.testcases.Login.addNewLead(Login.java:34)
at java.base/jdk.internal.reflect.NativeMethodAccessorImpl.invoke0(Native Method)
at java.base/jdk.internal.reflect.NativeMethodAccessorImpl.invoke(NativeMethodAccessorImpl.java:77)
at java.base/jdk.internal.reflect.DelegatingMethodAccessorImpl.invoke(DelegatingMethodAccessorImpl.java:43)
at java.base/java.lang.reflect.Method.invoke(Method.java:568)
at org.testng.internal.invokers.MethodInvocationHelper.invokeMethod(MethodInvocationHelper.java:139)
at org.testng.internal.invokers.TestInvoker.invokeMethod(TestInvoker.java:664)
at org.testng.internal.invokers.TestInvoker.invokeTestMethod(TestInvoker.java:227)
at org.testng.internal.invokers.MethodRunner.runInSequence(MethodRunner.java:50)
at org.testng.internal.invokers.TestInvoker$MethodInvocationAgent.invoke(TestInvoker.java:957)
at org.testng.internal.invokers.TestInvoker.invokeTestMethods(TestInvoker.java:200)
at org.testng.internal.invokers.TestMethodWorker.invokeTestMethods(TestMethodWorker.java:148)
at org.testng.internal.invokers.TestMethodWorker.run(TestMethodWorker.java:128)
at java.base/java.util.ArrayList.forEach(ArrayList.java:1511)
at org.testng.TestRunner.privateRun(TestRunner.java:848)
at org.testng.TestRunner.run(TestRunner.java:621)
at org.testng.SuiteRunner.runTest(SuiteRunner.java:443)
at org.testng.SuiteRunner.runSequentially(SuiteRunner.java:437)
at org.testng.SuiteRunner.privateRun(SuiteRunner.java:397)
at org.testng.SuiteRunner.run(SuiteRunner.java:336)
at org.testng.SuiteRunnerWorker.runSuite(SuiteRunnerWorker.java:52)
at org.testng.SuiteRunnerWorker.run(SuiteRunnerWorker.java:95)
at org.testng.TestNG.runSuitesSequentially(TestNG.java:1280)
at org.testng.TestNG.runSuitesLocally(TestNG.java:1200)
at org.testng.TestNG.runSuites(TestNG.java:1114)
at org.testng.TestNG.run(TestNG.java:1082)
at org.testng.remote.AbstractRemoteTestNG.run(AbstractRemoteTestNG.java:115)
at org.testng.remote.RemoteTestNG.initAndRun(RemoteTestNG.java:251)
at org.testng.remote.RemoteTestNG.main(RemoteTestNG.java:77)
]]>
            </full-stacktrace>
          </exception> <!-- org.openqa.selenium.TimeoutException -->
          <reporter-output>
          </reporter-output>
        </test-method> <!-- addNewLead -->
        <test-method is-config="true" signature="tearDownApplication()[pri:0, instance:arka.testcases.Login@53941c2f]" started-at="2023-10-05T19:42:55 IST" name="tearDownApplication" finished-at="2023-10-05T19:42:55 IST" duration-ms="385" status="PASS">
          <reporter-output>
          </reporter-output>
        </test-method> <!-- tearDownApplication -->
        <test-method is-config="true" signature="setupApplication()[pri:0, instance:arka.testcases.Login@53941c2f]" started-at="2023-10-05T19:42:56 IST" name="setupApplication" finished-at="2023-10-05T19:43:03 IST" duration-ms="7411" status="PASS">
          <reporter-output>
          </reporter-output>
        </test-method> <!-- setupApplication -->
        <test-method signature="addTask(java.lang.String,java.lang.String,java.lang.String,java.lang.String,java.lang.String,java.lang.String)[pri:0, instance:arka.testcases.Login@53941c2f]" started-at="2023-10-05T19:43:03 IST" name="addTask" data-provider="taskData" finished-at="2023-10-05T19:44:30 IST" duration-ms="87000" status="PASS">
          <params>
            <param index="0">
              <value>
                <![CDATA[CRM1beta@gmail.com]]>
              </value>
            </param>
            <param index="1">
              <value>
                <![CDATA[CRM1beta@gmail.com]]>
              </value>
            </param>
            <param index="2">
              <value>
                <![CDATA[Annual generation]]>
              </value>
            </param>
            <param index="3">
              <value>
                <![CDATA[12]]>
              </value>
            </param>
            <param index="4">
              <value>
                <![CDATA[20]]>
              </value>
            </param>
            <param index="5">
              <value>
                <![CDATA[Test]]>
              </value>
            </param>
          </params>
          <reporter-output>
          </reporter-output>
        </test-method> <!-- addTask -->
        <test-method is-config="true" signature="tearDownApplication()[pri:0, instance:arka.testcases.Login@53941c2f]" started-at="2023-10-05T19:44:30 IST" name="tearDownApplication" finished-at="2023-10-05T19:44:30 IST" duration-ms="357" status="PASS">
          <reporter-output>
          </reporter-output>
        </test-method> <!-- tearDownApplication -->
        <test-method is-config="true" signature="setupApplication()[pri:0, instance:arka.testcases.Login@53941c2f]" started-at="2023-10-05T19:44:31 IST" name="setupApplication" finished-at="2023-10-05T19:44:45 IST" duration-ms="14652" status="PASS">
          <reporter-output>
          </reporter-output>
        </test-method> <!-- setupApplication -->
        <test-method signature="loginWithValidCredentials(java.lang.String,java.lang.String)[pri:0, instance:arka.testcases.Login@53941c2f]" started-at="2023-10-05T19:44:45 IST" name="loginWithValidCredentials" data-provider="userData" finished-at="2023-10-05T19:45:00 IST" duration-ms="14333" status="PASS">
          <params>
            <param index="0">
              <value>
                <![CDATA[CRM1beta@gmail.com]]>
              </value>
            </param>
            <param index="1">
              <value>
                <![CDATA[CRM1beta@gmail.com]]>
              </value>
            </param>
          </params>
          <reporter-output>
          </reporter-output>
        </test-method> <!-- loginWithValidCredentials -->
        <test-method is-config="true" signature="tearDownApplication()[pri:0, instance:arka.testcases.Login@53941c2f]" started-at="2023-10-05T19:45:00 IST" name="tearDownApplication" finished-at="2023-10-05T19:45:00 IST" duration-ms="362" status="PASS">
          <reporter-output>
          </reporter-output>
        </test-method> <!-- tearDownApplication -->
      </class> <!-- arka.testcases.Login -->
    </test> <!-- Test -->
  </suite> <!-- Suite -->
</testng-results>
